<?xml version="1.0" encoding="UTF-8"?>
<coverage generated="1647376508119" clover="3.2.0">
  <project timestamp="1647376508119" name="All files">
    <metrics statements="55" coveredstatements="50" conditionals="16" coveredconditionals="16" methods="17" coveredmethods="14" elements="88" coveredelements="80" complexity="0" loc="55" ncloc="55" packages="2" files="6" classes="6"/>
    <package name="server">
      <metrics statements="43" coveredstatements="43" conditionals="16" coveredconditionals="16" methods="10" coveredmethods="10"/>
      <file name="config.js" path="/home/lucca/Projects/github/repos/spotify-radio-js/server/config.js">
        <metrics statements="4" coveredstatements="4" conditionals="2" coveredconditionals="2" methods="0" coveredmethods="0"/>
        <line num="4" count="3" type="stmt"/>
        <line num="5" count="3" type="stmt"/>
        <line num="6" count="3" type="stmt"/>
        <line num="7" count="3" type="stmt"/>
      </file>
      <file name="controller.js" path="/home/lucca/Projects/github/repos/spotify-radio-js/server/controller.js">
        <metrics statements="2" coveredstatements="2" conditionals="0" coveredconditionals="0" methods="2" coveredmethods="2"/>
        <line num="5" count="2" type="stmt"/>
        <line num="9" count="2" type="stmt"/>
      </file>
      <file name="routes.js" path="/home/lucca/Projects/github/repos/spotify-radio-js/server/routes.js">
        <metrics statements="27" coveredstatements="27" conditionals="14" coveredconditionals="14" methods="5" coveredmethods="5"/>
        <line num="9" count="1" type="stmt"/>
        <line num="11" count="1" type="stmt"/>
        <line num="14" count="8" type="stmt"/>
        <line num="16" count="8" type="stmt"/>
        <line num="17" count="7" type="stmt"/>
        <line num="18" count="4" type="stmt"/>
        <line num="21" count="8" type="cond" truecount="4" falsecount="0"/>
        <line num="24" count="1" type="stmt"/>
        <line num="27" count="1" type="stmt"/>
        <line num="30" count="1" type="stmt"/>
        <line num="31" count="1" type="stmt"/>
        <line num="35" count="1" type="stmt"/>
        <line num="36" count="1" type="stmt"/>
        <line num="40" count="5" type="stmt"/>
        <line num="41" count="2" type="stmt"/>
        <line num="42" count="2" type="cond" truecount="2" falsecount="0"/>
        <line num="43" count="1" type="stmt"/>
        <line num="47" count="2" type="stmt"/>
        <line num="52" count="3" type="cond" truecount="2" falsecount="0"/>
        <line num="53" count="2" type="stmt"/>
        <line num="54" count="2" type="stmt"/>
        <line num="55" count="2" type="stmt"/>
        <line num="57" count="1" type="stmt"/>
        <line num="58" count="1" type="stmt"/>
        <line num="59" count="1" type="stmt"/>
        <line num="63" count="8" type="stmt"/>
        <line num="64" count="3" type="stmt"/>
      </file>
      <file name="service.js" path="/home/lucca/Projects/github/repos/spotify-radio-js/server/service.js">
        <metrics statements="8" coveredstatements="8" conditionals="0" coveredconditionals="0" methods="3" coveredmethods="3"/>
        <line num="8" count="3" type="stmt"/>
        <line num="12" count="2" type="stmt"/>
        <line num="17" count="3" type="stmt"/>
        <line num="20" count="3" type="stmt"/>
        <line num="23" count="2" type="stmt"/>
        <line num="25" count="2" type="stmt"/>
        <line num="32" count="2" type="stmt"/>
        <line num="33" count="1" type="stmt"/>
      </file>
      <file name="util.js" path="/home/lucca/Projects/github/repos/spotify-radio-js/server/util.js">
        <metrics statements="2" coveredstatements="2" conditionals="0" coveredconditionals="0" methods="0" coveredmethods="0"/>
        <line num="3" count="1" type="stmt"/>
        <line num="13" count="1" type="stmt"/>
      </file>
    </package>
    <package name="tests.unit._util">
      <metrics statements="12" coveredstatements="7" conditionals="0" coveredconditionals="0" methods="7" coveredmethods="4"/>
      <file name="test.util.js" path="/home/lucca/Projects/github/repos/spotify-radio-js/tests/unit/_util/test.util.js">
        <metrics statements="12" coveredstatements="7" conditionals="0" coveredconditionals="0" methods="7" coveredmethods="4"/>
        <line num="8" count="15" type="stmt"/>
        <line num="10" count="0" type="stmt"/>
        <line num="11" count="0" type="stmt"/>
        <line num="14" count="0" type="stmt"/>
        <line num="21" count="8" type="stmt"/>
        <line num="23" count="0" type="stmt"/>
        <line num="24" count="0" type="stmt"/>
        <line num="30" count="8" type="stmt"/>
        <line num="31" count="8" type="stmt"/>
        <line num="32" count="8" type="stmt"/>
        <line num="44" count="8" type="stmt"/>
        <line num="45" count="8" type="stmt"/>
      </file>
    </package>
  </project>
</coverage>
