{"/home/lucca/Projects/github/repos/spotify-radio-js/server/config.js": {"path":"/home/lucca/Projects/github/repos/spotify-radio-js/server/config.js","statementMap":{"0":{"start":{"line":4,"column":19},"end":{"line":4,"column":58}},"1":{"start":{"line":5,"column":13},"end":{"line":5,"column":36}},"2":{"start":{"line":6,"column":23},"end":{"line":6,"column":42}},"3":{"start":{"line":7,"column":24},"end":{"line":7,"column":44}}},"fnMap":{},"branchMap":{"0":{"loc":{"start":{"line":10,"column":8},"end":{"line":10,"column":32}},"type":"binary-expr","locations":[{"start":{"line":10,"column":8},"end":{"line":10,"column":24}},{"start":{"line":10,"column":28},"end":{"line":10,"column":32}}],"line":10}},"s":{"0":1,"1":1,"2":1,"3":1},"f":{},"b":{"0":[1,1]},"_coverageSchema":"1a1c01bbd47fc00a2c39e90264f33305004495a9","hash":"ed1ac2f628f580dd2eb708c56f74ec129f221d18"}
,"/home/lucca/Projects/github/repos/spotify-radio-js/server/controller.js": {"path":"/home/lucca/Projects/github/repos/spotify-radio-js/server/controller.js","statementMap":{"0":{"start":{"line":5,"column":4},"end":{"line":5,"column":33}},"1":{"start":{"line":9,"column":4},"end":{"line":9,"column":48}}},"fnMap":{"0":{"name":"(anonymous_0)","decl":{"start":{"line":4,"column":2},"end":{"line":4,"column":3}},"loc":{"start":{"line":4,"column":16},"end":{"line":6,"column":3}},"line":4},"1":{"name":"(anonymous_1)","decl":{"start":{"line":8,"column":2},"end":{"line":8,"column":3}},"loc":{"start":{"line":8,"column":32},"end":{"line":10,"column":3}},"line":8}},"branchMap":{},"s":{"0":1,"1":0},"f":{"0":1,"1":0},"b":{},"_coverageSchema":"1a1c01bbd47fc00a2c39e90264f33305004495a9","hash":"c7e2a063f9a5bce535e39146cac01b4edb5b05cc"}
,"/home/lucca/Projects/github/repos/spotify-radio-js/server/routes.js": {"path":"/home/lucca/Projects/github/repos/spotify-radio-js/server/routes.js","statementMap":{"0":{"start":{"line":9,"column":4},"end":{"line":9,"column":10}},"1":{"start":{"line":11,"column":19},"end":{"line":11,"column":35}},"2":{"start":{"line":14,"column":26},"end":{"line":14,"column":33}},"3":{"start":{"line":16,"column":24},"end":{"line":19,"column":3}},"4":{"start":{"line":17,"column":29},"end":{"line":17,"column":65}},"5":{"start":{"line":18,"column":4},"end":{"line":18,"column":28}},"6":{"start":{"line":21,"column":2},"end":{"line":48,"column":3}},"7":{"start":{"line":24,"column":6},"end":{"line":26,"column":9}},"8":{"start":{"line":27,"column":6},"end":{"line":27,"column":28}},"9":{"start":{"line":30,"column":27},"end":{"line":30,"column":56}},"10":{"start":{"line":31,"column":6},"end":{"line":31,"column":48}},"11":{"start":{"line":35,"column":33},"end":{"line":35,"column":68}},"12":{"start":{"line":36,"column":6},"end":{"line":36,"column":54}},"13":{"start":{"line":40,"column":31},"end":{"line":40,"column":55}},"14":{"start":{"line":41,"column":26},"end":{"line":41,"column":44}},"15":{"start":{"line":42,"column":6},"end":{"line":46,"column":7}},"16":{"start":{"line":43,"column":8},"end":{"line":45,"column":11}},"17":{"start":{"line":47,"column":6},"end":{"line":47,"column":35}},"18":{"start":{"line":52,"column":2},"end":{"line":56,"column":3}},"19":{"start":{"line":53,"column":4},"end":{"line":53,"column":50}},"20":{"start":{"line":54,"column":4},"end":{"line":54,"column":28}},"21":{"start":{"line":55,"column":4},"end":{"line":55,"column":26}},"22":{"start":{"line":57,"column":2},"end":{"line":57,"column":53}},"23":{"start":{"line":58,"column":2},"end":{"line":58,"column":26}},"24":{"start":{"line":59,"column":2},"end":{"line":59,"column":24}},"25":{"start":{"line":63,"column":2},"end":{"line":65,"column":4}},"26":{"start":{"line":64,"column":4},"end":{"line":64,"column":33}}},"fnMap":{"0":{"name":"routes","decl":{"start":{"line":13,"column":15},"end":{"line":13,"column":21}},"loc":{"start":{"line":13,"column":41},"end":{"line":49,"column":1}},"line":13},"1":{"name":"(anonymous_1)","decl":{"start":{"line":16,"column":24},"end":{"line":16,"column":25}},"loc":{"start":{"line":16,"column":40},"end":{"line":19,"column":3}},"line":16},"2":{"name":"handlerError","decl":{"start":{"line":51,"column":9},"end":{"line":51,"column":21}},"loc":{"start":{"line":51,"column":39},"end":{"line":60,"column":1}},"line":51},"3":{"name":"handler","decl":{"start":{"line":62,"column":16},"end":{"line":62,"column":23}},"loc":{"start":{"line":62,"column":43},"end":{"line":66,"column":1}},"line":62},"4":{"name":"(anonymous_4)","decl":{"start":{"line":63,"column":41},"end":{"line":63,"column":42}},"loc":{"start":{"line":64,"column":4},"end":{"line":64,"column":33}},"line":64}},"branchMap":{"0":{"loc":{"start":{"line":21,"column":2},"end":{"line":48,"column":3}},"type":"switch","locations":[{"start":{"line":23,"column":4},"end":{"line":27,"column":28}},{"start":{"line":29,"column":4},"end":{"line":31,"column":48}},{"start":{"line":33,"column":4},"end":{"line":36,"column":54}},{"start":{"line":39,"column":4},"end":{"line":47,"column":35}}],"line":21},"1":{"loc":{"start":{"line":23,"column":9},"end":{"line":23,"column":21}},"type":"binary-expr","locations":[{"start":{"line":23,"column":9},"end":{"line":23,"column":14}},{"start":{"line":23,"column":18},"end":{"line":23,"column":21}}],"line":23},"2":{"loc":{"start":{"line":29,"column":9},"end":{"line":29,"column":25}},"type":"binary-expr","locations":[{"start":{"line":29,"column":9},"end":{"line":29,"column":14}},{"start":{"line":29,"column":18},"end":{"line":29,"column":25}}],"line":29},"3":{"loc":{"start":{"line":33,"column":9},"end":{"line":33,"column":31}},"type":"binary-expr","locations":[{"start":{"line":33,"column":9},"end":{"line":33,"column":14}},{"start":{"line":33,"column":18},"end":{"line":33,"column":31}}],"line":33},"4":{"loc":{"start":{"line":42,"column":6},"end":{"line":46,"column":7}},"type":"if","locations":[{"start":{"line":42,"column":6},"end":{"line":46,"column":7}},{"start":{},"end":{}}],"line":42},"5":{"loc":{"start":{"line":52,"column":2},"end":{"line":56,"column":3}},"type":"if","locations":[{"start":{"line":52,"column":2},"end":{"line":56,"column":3}},{"start":{},"end":{}}],"line":52}},"s":{"0":1,"1":1,"2":5,"3":5,"4":4,"5":4,"6":5,"7":1,"8":1,"9":1,"10":1,"11":1,"12":1,"13":2,"14":2,"15":2,"16":1,"17":2,"18":0,"19":0,"20":0,"21":0,"22":0,"23":0,"24":0,"25":5,"26":0},"f":{"0":5,"1":4,"2":0,"3":5,"4":0},"b":{"0":[1,1,1,2],"1":[5,5],"2":[4,4],"3":[3,3],"4":[1,1],"5":[0,0]},"_coverageSchema":"1a1c01bbd47fc00a2c39e90264f33305004495a9","hash":"2ea43b1e8a40ef39e12309a5e9b813f904e8adb0"}
,"/home/lucca/Projects/github/repos/spotify-radio-js/server/service.js": {"path":"/home/lucca/Projects/github/repos/spotify-radio-js/server/service.js","statementMap":{"0":{"start":{"line":8,"column":4},"end":{"line":8,"column":10}},"1":{"start":{"line":12,"column":4},"end":{"line":12,"column":41}},"2":{"start":{"line":17,"column":25},"end":{"line":17,"column":52}},"3":{"start":{"line":20,"column":4},"end":{"line":20,"column":42}},"4":{"start":{"line":23,"column":21},"end":{"line":23,"column":42}},"5":{"start":{"line":25,"column":4},"end":{"line":28,"column":6}},"6":{"start":{"line":32,"column":27},"end":{"line":32,"column":55}},"7":{"start":{"line":33,"column":4},"end":{"line":36,"column":6}}},"fnMap":{"0":{"name":"(anonymous_0)","decl":{"start":{"line":11,"column":2},"end":{"line":11,"column":3}},"loc":{"start":{"line":11,"column":29},"end":{"line":13,"column":3}},"line":11},"1":{"name":"(anonymous_1)","decl":{"start":{"line":15,"column":2},"end":{"line":15,"column":3}},"loc":{"start":{"line":15,"column":26},"end":{"line":29,"column":3}},"line":15},"2":{"name":"(anonymous_2)","decl":{"start":{"line":31,"column":2},"end":{"line":31,"column":3}},"loc":{"start":{"line":31,"column":28},"end":{"line":37,"column":3}},"line":31}},"branchMap":{},"s":{"0":1,"1":0,"2":0,"3":0,"4":0,"5":0,"6":0,"7":0},"f":{"0":0,"1":0,"2":0},"b":{},"_coverageSchema":"1a1c01bbd47fc00a2c39e90264f33305004495a9","hash":"6894ace0d2cfdf5890f8e274ef4b404902fb93c2"}
,"/home/lucca/Projects/github/repos/spotify-radio-js/server/util.js": {"path":"/home/lucca/Projects/github/repos/spotify-radio-js/server/util.js","statementMap":{"0":{"start":{"line":3,"column":12},"end":{"line":11,"column":2}},"1":{"start":{"line":13,"column":22},"end":{"line":13,"column":25}}},"fnMap":{},"branchMap":{},"s":{"0":1,"1":1},"f":{},"b":{},"_coverageSchema":"1a1c01bbd47fc00a2c39e90264f33305004495a9","hash":"432bd652a7832c0bf1a29b4601fbcff00cb3a5b9"}
,"/home/lucca/Projects/github/repos/spotify-radio-js/tests/unit/_util/test.util.js": {"path":"/home/lucca/Projects/github/repos/spotify-radio-js/tests/unit/_util/test.util.js","statementMap":{"0":{"start":{"line":7,"column":4},"end":{"line":15,"column":7}},"1":{"start":{"line":9,"column":8},"end":{"line":11,"column":9}},"2":{"start":{"line":10,"column":10},"end":{"line":10,"column":26}},"3":{"start":{"line":13,"column":8},"end":{"line":13,"column":24}},"4":{"start":{"line":20,"column":4},"end":{"line":25,"column":7}},"5":{"start":{"line":22,"column":8},"end":{"line":22,"column":22}},"6":{"start":{"line":23,"column":8},"end":{"line":23,"column":24}},"7":{"start":{"line":29,"column":26},"end":{"line":29,"column":79}},"8":{"start":{"line":30,"column":27},"end":{"line":30,"column":68}},"9":{"start":{"line":31,"column":17},"end":{"line":41,"column":5}},"10":{"start":{"line":43,"column":4},"end":{"line":46,"column":6}},"11":{"start":{"line":44,"column":20},"end":{"line":44,"column":39}}},"fnMap":{"0":{"name":"(anonymous_0)","decl":{"start":{"line":6,"column":2},"end":{"line":6,"column":3}},"loc":{"start":{"line":6,"column":38},"end":{"line":16,"column":3}},"line":6},"1":{"name":"(anonymous_1)","decl":{"start":{"line":8,"column":6},"end":{"line":8,"column":7}},"loc":{"start":{"line":8,"column":13},"end":{"line":14,"column":7}},"line":8},"2":{"name":"(anonymous_2)","decl":{"start":{"line":19,"column":2},"end":{"line":19,"column":3}},"loc":{"start":{"line":19,"column":40},"end":{"line":26,"column":3}},"line":19},"3":{"name":"(anonymous_3)","decl":{"start":{"line":21,"column":6},"end":{"line":21,"column":7}},"loc":{"start":{"line":21,"column":28},"end":{"line":24,"column":7}},"line":21},"4":{"name":"(anonymous_4)","decl":{"start":{"line":28,"column":2},"end":{"line":28,"column":3}},"loc":{"start":{"line":28,"column":31},"end":{"line":47,"column":3}},"line":28},"5":{"name":"(anonymous_5)","decl":{"start":{"line":30,"column":59},"end":{"line":30,"column":60}},"loc":{"start":{"line":30,"column":65},"end":{"line":30,"column":67}},"line":30},"6":{"name":"(anonymous_6)","decl":{"start":{"line":44,"column":14},"end":{"line":44,"column":15}},"loc":{"start":{"line":44,"column":20},"end":{"line":44,"column":39}},"line":44}},"branchMap":{},"s":{"0":9,"1":0,"2":0,"3":0,"4":5,"5":0,"6":0,"7":5,"8":5,"9":5,"10":5,"11":5},"f":{"0":9,"1":0,"2":5,"3":0,"4":5,"5":0,"6":5},"b":{},"_coverageSchema":"1a1c01bbd47fc00a2c39e90264f33305004495a9","hash":"ea2e145034a95a683afa09746b209ff2caa463cf"}
}
