TN:
SF:server/config.js
FNF:0
FNH:0
DA:4,3
DA:5,3
DA:6,3
DA:7,3
LF:4
LH:4
BRDA:10,0,0,3
BRDA:10,0,1,3
BRF:2
BRH:2
end_of_record
TN:
SF:server/controller.js
FN:4,(anonymous_0)
FN:8,(anonymous_1)
FNF:2
FNH:2
FNDA:2,(anonymous_0)
FNDA:2,(anonymous_1)
DA:5,2
DA:9,2
LF:2
LH:2
BRF:0
BRH:0
end_of_record
TN:
SF:server/routes.js
FN:13,routes
FN:16,(anonymous_1)
FN:51,handlerError
FN:62,handler
FN:63,(anonymous_4)
FNF:5
FNH:5
FNDA:8,routes
FNDA:7,(anonymous_1)
FNDA:3,handlerError
FNDA:8,handler
FNDA:3,(anonymous_4)
DA:9,1
DA:11,1
DA:14,8
DA:16,8
DA:17,7
DA:18,4
DA:21,8
DA:24,1
DA:27,1
DA:30,1
DA:31,1
DA:35,1
DA:36,1
DA:40,5
DA:41,2
DA:42,2
DA:43,1
DA:47,2
DA:52,3
DA:53,2
DA:54,2
DA:55,2
DA:57,1
DA:58,1
DA:59,1
DA:63,8
DA:64,3
LF:27
LH:27
BRDA:21,0,0,1
BRDA:21,0,1,1
BRDA:21,0,2,1
BRDA:21,0,3,5
BRDA:23,1,0,8
BRDA:23,1,1,8
BRDA:29,2,0,7
BRDA:29,2,1,7
BRDA:33,3,0,6
BRDA:33,3,1,6
BRDA:42,4,0,1
BRDA:42,4,1,1
BRDA:52,5,0,2
BRDA:52,5,1,1
BRF:14
BRH:14
end_of_record
TN:
SF:server/service.js
FN:11,(anonymous_0)
FN:15,(anonymous_1)
FN:31,(anonymous_2)
FNF:3
FNH:3
FNDA:2,(anonymous_0)
FNDA:3,(anonymous_1)
FNDA:2,(anonymous_2)
DA:8,3
DA:12,2
DA:17,3
DA:20,3
DA:23,2
DA:25,2
DA:32,2
DA:33,1
LF:8
LH:8
BRF:0
BRH:0
end_of_record
TN:
SF:server/util.js
FNF:0
FNH:0
DA:3,1
DA:13,1
LF:2
LH:2
BRF:0
BRH:0
end_of_record
TN:
SF:tests/unit/_util/test.util.js
FN:7,(anonymous_0)
FN:9,(anonymous_1)
FN:20,(anonymous_2)
FN:22,(anonymous_3)
FN:29,(anonymous_4)
FN:31,(anonymous_5)
FN:45,(anonymous_6)
FNF:7
FNH:4
FNDA:15,(anonymous_0)
FNDA:0,(anonymous_1)
FNDA:8,(anonymous_2)
FNDA:0,(anonymous_3)
FNDA:8,(anonymous_4)
FNDA:0,(anonymous_5)
FNDA:8,(anonymous_6)
DA:8,15
DA:10,0
DA:11,0
DA:14,0
DA:21,8
DA:23,0
DA:24,0
DA:30,8
DA:31,8
DA:32,8
DA:44,8
DA:45,8
LF:12
LH:7
BRF:0
BRH:0
end_of_record
