TN:
SF:server/config.js
FNF:0
FNH:0
DA:4,1
DA:5,1
DA:6,1
DA:7,1
LF:4
LH:4
BRDA:10,0,0,1
BRDA:10,0,1,1
BRF:2
BRH:2
end_of_record
TN:
SF:server/controller.js
FN:4,(anonymous_0)
FN:8,(anonymous_1)
FNF:2
FNH:1
FNDA:1,(anonymous_0)
FNDA:0,(anonymous_1)
DA:5,1
DA:9,0
LF:2
LH:1
BRF:0
BRH:0
end_of_record
TN:
SF:server/routes.js
FN:13,routes
FN:16,(anonymous_1)
FN:51,handlerError
FN:62,handler
FN:63,(anonymous_4)
FNF:5
FNH:3
FNDA:5,routes
FNDA:4,(anonymous_1)
FNDA:0,handlerError
FNDA:5,handler
FNDA:0,(anonymous_4)
DA:9,1
DA:11,1
DA:14,5
DA:16,5
DA:17,4
DA:18,4
DA:21,5
DA:24,1
DA:27,1
DA:30,1
DA:31,1
DA:35,1
DA:36,1
DA:40,2
DA:41,2
DA:42,2
DA:43,1
DA:47,2
DA:52,0
DA:53,0
DA:54,0
DA:55,0
DA:57,0
DA:58,0
DA:59,0
DA:63,5
DA:64,0
LF:27
LH:19
BRDA:21,0,0,1
BRDA:21,0,1,1
BRDA:21,0,2,1
BRDA:21,0,3,2
BRDA:23,1,0,5
BRDA:23,1,1,5
BRDA:29,2,0,4
BRDA:29,2,1,4
BRDA:33,3,0,3
BRDA:33,3,1,3
BRDA:42,4,0,1
BRDA:42,4,1,1
BRDA:52,5,0,0
BRDA:52,5,1,0
BRF:14
BRH:12
end_of_record
TN:
SF:server/service.js
FN:11,(anonymous_0)
FN:15,(anonymous_1)
FN:31,(anonymous_2)
FNF:3
FNH:0
FNDA:0,(anonymous_0)
FNDA:0,(anonymous_1)
FNDA:0,(anonymous_2)
DA:8,1
DA:12,0
DA:17,0
DA:20,0
DA:23,0
DA:25,0
DA:32,0
DA:33,0
LF:8
LH:1
BRF:0
BRH:0
end_of_record
TN:
SF:server/util.js
FNF:0
FNH:0
DA:3,1
DA:13,1
LF:2
LH:2
BRF:0
BRH:0
end_of_record
TN:
SF:tests/unit/_util/test.util.js
FN:6,(anonymous_0)
FN:8,(anonymous_1)
FN:19,(anonymous_2)
FN:21,(anonymous_3)
FN:28,(anonymous_4)
FN:30,(anonymous_5)
FN:44,(anonymous_6)
FNF:7
FNH:4
FNDA:9,(anonymous_0)
FNDA:0,(anonymous_1)
FNDA:5,(anonymous_2)
FNDA:0,(anonymous_3)
FNDA:5,(anonymous_4)
FNDA:0,(anonymous_5)
FNDA:5,(anonymous_6)
DA:7,9
DA:9,0
DA:10,0
DA:13,0
DA:20,5
DA:22,0
DA:23,0
DA:29,5
DA:30,5
DA:31,5
DA:43,5
DA:44,5
LF:12
LH:7
BRF:0
BRH:0
end_of_record
